<?xml version="1.0" encoding="UTF-8"?>
<!-- Generated by org.testng.reporters.JUnitReportReporter -->
<testsuite hostname="DESKTOP-CTKDS76" failures="0" tests="4" name="testRunners.Runner" time="62.254" errors="0" timestamp="2024-10-31T15:12:02 IST" skipped="0">
  <testcase classname="testRunners.Runner" name="runScenario" time="14.703">
    <system-out>
      <![CDATA[Supplier-00000006977  Supplier-00000006977
Supplier number added successfully]]>
    </system-out>
  </testcase> <!-- runScenario -->
  <testcase classname="testRunners.Runner" name="runScenario" time="16.244">
    <system-out>
      <![CDATA[Customer-00000012476   Customer-00000012476]]>
    </system-out>
  </testcase> <!-- runScenario -->
  <testcase classname="testRunners.Runner" name="runScenario" time="14.999">
    <system-out>
      <![CDATA[Customer-00000012475   Customer-00000012475]]>
    </system-out>
  </testcase> <!-- runScenario -->
  <testcase classname="testRunners.Runner" name="runScenario" time="16.308">
    <system-out>
      <![CDATA[Supplier-00000006976  Supplier-00000006976
Supplier number added successfully]]>
    </system-out>
  </testcase> <!-- runScenario -->
  <system-out>
    <![CDATA[Supplier-00000006976  Supplier-00000006976
Supplier number added successfully
Supplier-00000006977  Supplier-00000006977
Supplier number added successfully
Customer-00000012475   Customer-00000012475
Customer-00000012476   Customer-00000012476]]>
  </system-out>
</testsuite> <!-- testRunners.Runner -->
